<?xml version="1.0" encoding="UTF-8"?>
<!-- Generated by org.testng.reporters.JUnitXMLReporter -->
<testsuite ignored="0" hostname="LAPTOP-5S708LT8" failures="0" tests="4" name="Test" time="125.619" errors="0" timestamp="2022-03-31T20:28:26 IST">
  <testcase classname="tests.FourTest" name="testFour" time="65.831"/>
  <testcase classname="tests.TwoTest" name="testTwo" time="21.609"/>
  <testcase classname="tests.LoginTest" name="login" time="5.695"/>
  <testcase classname="tests.ThreeTest" name="testThree" time="15.893"/>
</testsuite> <!-- Test -->
