<?xml version="1.0" encoding="UTF-8"?>
<!-- Generated by org.testng.reporters.JUnitXMLReporter -->
<testsuite ignored="0" hostname="LAPTOP-5S708LT8" failures="0" tests="5" name="Test" time="161.795" errors="0" timestamp="2022-03-31T16:25:49 IST">
  <testcase classname="tests.FourTest" name="testFour" time="0.011"/>
  <testcase classname="tests.TwoTest" name="testTwo" time="0.0"/>
  <testcase classname="tests.LoginTest" name="login" time="11.629"/>
  <testcase classname="tests.LoginTest" name="login" time="19.919"/>
  <testcase classname="tests.ThreeTest" name="testThree" time="0.0"/>
</testsuite> <!-- Test -->
